20190904 19:35:54.321 [main] INFO  com.eduit.springc4.Application - Starting Application on DESKTOP-7PS9KRB with PID 16940 (C:\Users\marcelo\Desktop\spring-boot-web-security\target\classes started by marcelo in C:\Users\marcelo\Desktop\spring-boot-web-security)
20190904 19:35:54.322 [main] INFO  com.eduit.springc4.Application - No active profile set, falling back to default profiles: default
20190904 19:35:54.415 [background-preinit] INFO  o.h.validator.internal.util.Version - HV000001: Hibernate Validator 5.2.4.Final
20190904 19:35:54.445 [main] INFO  o.s.b.c.e.AnnotationConfigEmbeddedWebApplicationContext - Refreshing org.springframework.boot.context.embedded.AnnotationConfigEmbeddedWebApplicationContext@cad498c: startup date [Wed Sep 04 19:35:54 ART 2019]; root of context hierarchy
20190904 19:35:55.297 [main] INFO  o.s.c.s.PostProcessorRegistrationDelegate$BeanPostProcessorChecker - Bean 'org.springframework.transaction.annotation.ProxyTransactionManagementConfiguration' of type [class org.springframework.transaction.annotation.ProxyTransactionManagementConfiguration$$EnhancerBySpringCGLIB$$a92230a5] is not eligible for getting processed by all BeanPostProcessors (for example: not eligible for auto-proxying)
20190904 19:35:55.566 [main] INFO  o.s.b.c.e.t.TomcatEmbeddedServletContainer - Tomcat initialized with port(s): 8080 (http)
20190904 19:35:55.573 [main] INFO  o.a.catalina.core.StandardService - Starting service Tomcat
20190904 19:35:55.573 [main] INFO  o.a.catalina.core.StandardEngine - Starting Servlet Engine: Apache Tomcat/8.5.6
20190904 19:35:55.626 [localhost-startStop-1] INFO  o.a.c.c.C.[Tomcat].[localhost].[/] - Initializing Spring embedded WebApplicationContext
20190904 19:35:55.626 [localhost-startStop-1] INFO  o.s.web.context.ContextLoader - Root WebApplicationContext: initialization completed in 1181 ms
20190904 19:35:55.727 [localhost-startStop-1] INFO  o.s.b.w.s.FilterRegistrationBean - Mapping filter: 'characterEncodingFilter' to: [/*]
20190904 19:35:55.727 [localhost-startStop-1] INFO  o.s.b.w.s.FilterRegistrationBean - Mapping filter: 'hiddenHttpMethodFilter' to: [/*]
20190904 19:35:55.728 [localhost-startStop-1] INFO  o.s.b.w.s.FilterRegistrationBean - Mapping filter: 'httpPutFormContentFilter' to: [/*]
20190904 19:35:55.728 [localhost-startStop-1] INFO  o.s.b.w.s.FilterRegistrationBean - Mapping filter: 'requestContextFilter' to: [/*]
20190904 19:35:55.728 [localhost-startStop-1] INFO  o.s.b.w.s.DelegatingFilterProxyRegistrationBean - Mapping filter: 'springSecurityFilterChain' to: [/*]
20190904 19:35:55.728 [localhost-startStop-1] INFO  o.s.b.w.s.ServletRegistrationBean - Mapping servlet: 'dispatcherServlet' to [/]
20190904 19:35:55.844 [main] INFO  o.s.o.j.LocalContainerEntityManagerFactoryBean - Building JPA container EntityManagerFactory for persistence unit 'default'
20190904 19:35:55.857 [main] INFO  o.h.jpa.internal.util.LogHelper - HHH000204: Processing PersistenceUnitInfo [
	name: default
	...]
20190904 19:35:55.918 [main] INFO  org.hibernate.Version - HHH000412: Hibernate Core {5.0.11.Final}
20190904 19:35:55.919 [main] INFO  org.hibernate.cfg.Environment - HHH000206: hibernate.properties not found
20190904 19:35:55.919 [main] INFO  org.hibernate.cfg.Environment - HHH000021: Bytecode provider name : javassist
20190904 19:35:55.953 [main] INFO  o.h.annotations.common.Version - HCANN000001: Hibernate Commons Annotations {5.0.1.Final}
20190904 19:35:56.219 [main] INFO  org.hibernate.dialect.Dialect - HHH000400: Using dialect: org.hibernate.dialect.MySQL5Dialect
20190904 19:35:56.513 [main] INFO  o.h.tool.hbm2ddl.SchemaUpdate - HHH000228: Running hbm2ddl schema update
20190904 19:35:56.606 [main] INFO  o.s.o.j.LocalContainerEntityManagerFactoryBean - Initialized JPA EntityManagerFactory for persistence unit 'default'
20190904 19:35:57.023 [main] INFO  o.s.s.web.DefaultSecurityFilterChain - Creating filter chain: Ant [pattern='/resources/**'], []
20190904 19:35:57.023 [main] INFO  o.s.s.web.DefaultSecurityFilterChain - Creating filter chain: Ant [pattern='/static/**'], []
20190904 19:35:57.023 [main] INFO  o.s.s.web.DefaultSecurityFilterChain - Creating filter chain: Ant [pattern='/css/**'], []
20190904 19:35:57.024 [main] INFO  o.s.s.web.DefaultSecurityFilterChain - Creating filter chain: Ant [pattern='/js/**'], []
20190904 19:35:57.024 [main] INFO  o.s.s.web.DefaultSecurityFilterChain - Creating filter chain: Ant [pattern='/images/**'], []
20190904 19:35:57.062 [main] INFO  o.s.s.web.DefaultSecurityFilterChain - Creating filter chain: org.springframework.security.web.util.matcher.AnyRequestMatcher@1, [org.springframework.security.web.context.request.async.WebAsyncManagerIntegrationFilter@547aaa32, org.springframework.security.web.context.SecurityContextPersistenceFilter@3e2d44f3, org.springframework.security.web.header.HeaderWriterFilter@14874a5d, org.springframework.security.web.authentication.logout.LogoutFilter@10dfa7ef, org.springframework.security.web.authentication.UsernamePasswordAuthenticationFilter@46ab4efc, org.springframework.security.web.savedrequest.RequestCacheAwareFilter@5d3f99d7, org.springframework.security.web.servletapi.SecurityContextHolderAwareRequestFilter@5cc3e49b, org.springframework.security.web.authentication.AnonymousAuthenticationFilter@472c9f88, org.springframework.security.web.session.SessionManagementFilter@23c7cb18, org.springframework.security.web.access.ExceptionTranslationFilter@26d40c77, org.springframework.security.web.access.intercept.FilterSecurityInterceptor@794c5f5e]
20190904 19:35:57.124 [main] INFO  o.s.w.s.m.m.a.RequestMappingHandlerAdapter - Looking for @ControllerAdvice: org.springframework.boot.context.embedded.AnnotationConfigEmbeddedWebApplicationContext@cad498c: startup date [Wed Sep 04 19:35:54 ART 2019]; root of context hierarchy
20190904 19:35:57.168 [main] INFO  o.s.w.s.m.m.a.RequestMappingHandlerMapping - Mapped "{[/admin/home],methods=[GET]}" onto public org.springframework.web.servlet.ModelAndView com.eduit.springc4.controller.LoginController.home()
20190904 19:35:57.168 [main] INFO  o.s.w.s.m.m.a.RequestMappingHandlerMapping - Mapped "{[/registration],methods=[GET]}" onto public org.springframework.web.servlet.ModelAndView com.eduit.springc4.controller.LoginController.registration()
20190904 19:35:57.168 [main] INFO  o.s.w.s.m.m.a.RequestMappingHandlerMapping - Mapped "{[/ || /login],methods=[GET]}" onto public org.springframework.web.servlet.ModelAndView com.eduit.springc4.controller.LoginController.login()
20190904 19:35:57.170 [main] INFO  o.s.w.s.m.m.a.RequestMappingHandlerMapping - Mapped "{[/registration],methods=[POST]}" onto public org.springframework.web.servlet.ModelAndView com.eduit.springc4.controller.LoginController.createNewUser(com.eduit.springc4.model.User,org.springframework.validation.BindingResult)
20190904 19:35:57.171 [main] INFO  o.s.w.s.m.m.a.RequestMappingHandlerMapping - Mapped "{[/error]}" onto public org.springframework.http.ResponseEntity<java.util.Map<java.lang.String, java.lang.Object>> org.springframework.boot.autoconfigure.web.BasicErrorController.error(javax.servlet.http.HttpServletRequest)
20190904 19:35:57.171 [main] INFO  o.s.w.s.m.m.a.RequestMappingHandlerMapping - Mapped "{[/error],produces=[text/html]}" onto public org.springframework.web.servlet.ModelAndView org.springframework.boot.autoconfigure.web.BasicErrorController.errorHtml(javax.servlet.http.HttpServletRequest,javax.servlet.http.HttpServletResponse)
20190904 19:35:57.189 [main] INFO  o.s.w.s.h.SimpleUrlHandlerMapping - Mapped URL path [/webjars/**] onto handler of type [class org.springframework.web.servlet.resource.ResourceHttpRequestHandler]
20190904 19:35:57.190 [main] INFO  o.s.w.s.h.SimpleUrlHandlerMapping - Mapped URL path [/**] onto handler of type [class org.springframework.web.servlet.resource.ResourceHttpRequestHandler]
20190904 19:35:57.213 [main] INFO  o.s.w.s.h.SimpleUrlHandlerMapping - Mapped URL path [/**/favicon.ico] onto handler of type [class org.springframework.web.servlet.resource.ResourceHttpRequestHandler]
20190904 19:35:57.458 [main] INFO  o.s.b.a.s.AuthenticationManagerConfiguration - 

Using default security password: f5a072a2-cfe2-4579-8db0-5b62734cc1d2

20190904 19:35:57.524 [main] INFO  o.s.j.e.a.AnnotationMBeanExporter - Registering beans for JMX exposure on startup
20190904 19:35:57.536 [main] INFO  o.a.coyote.http11.Http11NioProtocol - Initializing ProtocolHandler ["http-nio-8080"]
20190904 19:35:57.541 [main] INFO  o.a.coyote.http11.Http11NioProtocol - Starting ProtocolHandler [http-nio-8080]
20190904 19:35:57.549 [main] INFO  o.a.tomcat.util.net.NioSelectorPool - Using a shared selector for servlet write/read
20190904 19:35:57.558 [main] INFO  o.s.b.c.e.t.TomcatEmbeddedServletContainer - Tomcat started on port(s): 8080 (http)
20190904 19:35:57.561 [main] INFO  com.eduit.springc4.Application - Started Application in 3.436 seconds (JVM running for 4.868)
20190904 19:36:31.550 [http-nio-8080-exec-1] INFO  o.a.c.c.C.[Tomcat].[localhost].[/] - Initializing Spring FrameworkServlet 'dispatcherServlet'
20190904 19:36:31.550 [http-nio-8080-exec-1] INFO  o.s.web.servlet.DispatcherServlet - FrameworkServlet 'dispatcherServlet': initialization started
20190904 19:36:31.562 [http-nio-8080-exec-1] INFO  o.s.web.servlet.DispatcherServlet - FrameworkServlet 'dispatcherServlet': initialization completed in 12 ms
20190904 19:36:31.595 [http-nio-8080-exec-1] INFO  org.thymeleaf.TemplateEngine - [THYMELEAF] INITIALIZING TEMPLATE ENGINE
20190904 19:36:31.614 [http-nio-8080-exec-1] INFO  o.t.t.AbstractTemplateResolver - [THYMELEAF] INITIALIZING TEMPLATE RESOLVER: org.thymeleaf.spring4.templateresolver.SpringResourceTemplateResolver
20190904 19:36:31.615 [http-nio-8080-exec-1] INFO  o.t.t.AbstractTemplateResolver - [THYMELEAF] TEMPLATE RESOLVER INITIALIZED OK
20190904 19:36:31.615 [http-nio-8080-exec-1] INFO  o.t.m.AbstractMessageResolver - [THYMELEAF] INITIALIZING MESSAGE RESOLVER: org.thymeleaf.spring4.messageresolver.SpringMessageResolver
20190904 19:36:31.615 [http-nio-8080-exec-1] INFO  o.t.m.AbstractMessageResolver - [THYMELEAF] MESSAGE RESOLVER INITIALIZED OK
20190904 19:36:31.617 [http-nio-8080-exec-1] INFO  org.thymeleaf.TemplateEngine.CONFIG - [THYMELEAF] TEMPLATE ENGINE CONFIGURATION:
[THYMELEAF] * Cache Factory implementation: org.thymeleaf.cache.StandardCacheManager
[THYMELEAF] * Template modes:
[THYMELEAF]     * LEGACYHTML5
[THYMELEAF]     * XML
[THYMELEAF]     * XHTML
[THYMELEAF]     * HTML5
[THYMELEAF]     * VALIDXHTML
[THYMELEAF]     * VALIDXML
[THYMELEAF] * Template resolvers (in order):
[THYMELEAF]     * org.thymeleaf.spring4.templateresolver.SpringResourceTemplateResolver
[THYMELEAF] * Message resolvers (in order):
[THYMELEAF]     * org.thymeleaf.spring4.messageresolver.SpringMessageResolver
[THYMELEAF] * Dialect [1 of 2]: org.thymeleaf.spring4.dialect.SpringStandardDialect
[THYMELEAF]     * Prefix: "th"
[THYMELEAF] * Dialect [2 of 2]: nz.net.ultraq.thymeleaf.LayoutDialect
[THYMELEAF]     * Prefix: "layout"
[THYMELEAF] TEMPLATE ENGINE CONFIGURED OK
20190904 19:36:31.617 [http-nio-8080-exec-1] INFO  org.thymeleaf.TemplateEngine - [THYMELEAF] TEMPLATE ENGINE INITIALIZED
20190904 19:37:08.020 [http-nio-8080-exec-2] INFO  o.h.h.i.QueryTranslatorFactoryInitiator - HHH000397: Using ASTQueryTranslatorFactory
